Test ID,Phase,Expected Result,Actual Result,Status,Notes,Started At,Finished At
T1.1,1,(see spec),Exception: shifted_date() missing 1 required positional argument: 'test_index',FAIL,Exception during test execution,2025-11-24T08:06:35,2025-11-24T08:06:36
T1.2,1,(see spec),Exception: shifted_date() missing 1 required positional argument: 'test_index',FAIL,Exception during test execution,2025-11-24T08:06:36,2025-11-24T08:06:36
T1.3,1,(see spec),Exception: shifted_date() missing 1 required positional argument: 'test_index',FAIL,Exception during test execution,2025-11-24T08:06:36,2025-11-24T08:06:36
T1.4,1,(see spec),Exception: shifted_date() missing 1 required positional argument: 'test_index',FAIL,Exception during test execution,2025-11-24T08:06:36,2025-11-24T08:06:36
T1.5,1,(see spec),Exception: shifted_date() missing 1 required positional argument: 'test_index',FAIL,Exception during test execution,2025-11-24T08:06:36,2025-11-24T08:06:36
