Test ID,Phase,Expected Result,Actual Result,Status,Notes,Started At,Finished At
T1.1,1,(see spec),"Exception: Login failed for John: 400 {""success"":false,""message"":""Validation failed"",""data"":null,""errors"":{""non_field_errors"":[""Invalid credentials or inactive user.""]}}",FAIL,Exception during test execution,2025-11-24T07:57:56,2025-11-24T07:57:56
T1.2,1,(see spec),"Exception: Login failed for td.executive: 400 {""success"":false,""message"":""Validation failed"",""data"":null,""errors"":{""non_field_errors"":[""Invalid credentials or inactive user.""]}}",FAIL,Exception during test execution,2025-11-24T07:57:56,2025-11-24T07:57:56
T1.3,1,(see spec),"Exception: Login failed for John: 400 {""success"":false,""message"":""Validation failed"",""data"":null,""errors"":{""non_field_errors"":[""Invalid credentials or inactive user.""]}}",FAIL,Exception during test execution,2025-11-24T07:57:56,2025-11-24T07:57:56
T1.4,1,(see spec),"Exception: Login failed for John: 400 {""success"":false,""message"":""Validation failed"",""data"":null,""errors"":{""non_field_errors"":[""Invalid credentials or inactive user.""]}}",FAIL,Exception during test execution,2025-11-24T07:57:56,2025-11-24T07:57:57
T1.5,1,(see spec),"Exception: Login failed for John: 400 {""success"":false,""message"":""Validation failed"",""data"":null,""errors"":{""non_field_errors"":[""Invalid credentials or inactive user.""]}}",FAIL,Exception during test execution,2025-11-24T07:57:57,2025-11-24T07:57:57
