Test ID,Phase,Expected Result,Actual Result,Status,Notes,Started At,Finished At
T1.1,1,(see spec),"Exception: HTTP 400 for http://localhost:8000/api/travel/applications/: {'success': False, 'message': 'Validation failed', 'data': None, 'errors': {'trip_0': ""{'duplicate': ErrorDetail(string='You already have an active travel application overlapping this period.', code='invalid')}""}}",FAIL,Exception during test execution,2025-11-24T08:08:21,2025-11-24T08:08:22
T1.2,1,(see spec),"Exception: HTTP 400 for http://localhost:8000/api/travel/applications/: {'success': False, 'message': 'Validation failed', 'data': None, 'errors': {'trip_0': ""{'duplicate': ErrorDetail(string='You already have an active travel application overlapping this period.', code='invalid')}""}}",FAIL,Exception during test execution,2025-11-24T08:08:22,2025-11-24T08:08:22
T1.3,1,(see spec),"Exception: HTTP 400 for http://localhost:8000/api/travel/applications/: {'success': False, 'message': 'Validation failed', 'data': None, 'errors': {'trip_0': ""{'duplicate': ErrorDetail(string='You already have an active travel application overlapping this period.', code='invalid')}"", 'trip_1': ""{'duplicate': ErrorDetail(string='You already have an active travel application overlapping this period.', code='invalid')}""}}",FAIL,Exception during test execution,2025-11-24T08:08:22,2025-11-24T08:08:22
T1.4,1,(see spec),"Exception: HTTP 400 for http://localhost:8000/api/travel/applications/: {'success': False, 'message': 'Validation failed', 'data': None, 'errors': {'trip_0': ""{'duplicate': ErrorDetail(string='You already have an active travel application overlapping this period.', code='invalid')}""}}",FAIL,Exception during test execution,2025-11-24T08:08:22,2025-11-24T08:08:23
T1.5,1,(see spec),"Exception: HTTP 400 for http://localhost:8000/api/travel/applications/: {'success': False, 'message': 'Validation failed', 'data': None, 'errors': {'trip_0': ""{'duplicate': ErrorDetail(string='You already have an active travel application overlapping this period.', code='invalid')}""}}",FAIL,Exception during test execution,2025-11-24T08:08:23,2025-11-24T08:08:23
